<?xml version="1.0" encoding="UTF-8"?>
<testng-results skipped="0" failed="0" ignored="0" total="2" passed="2">
  <reporter-output>
    <line>
      <![CDATA[La prueba esta Ok]]>
    </line>
    <line>
      <![CDATA[La prueba esta Ok]]>
    </line>
  </reporter-output>
  <suite name="Default suite" duration-ms="25824" started-at="2020-03-18T16:30:05 ART" finished-at="2020-03-18T16:30:31 ART">
    <groups>
    </groups>
    <test name="Default test" duration-ms="25824" started-at="2020-03-18T16:30:05 ART" finished-at="2020-03-18T16:30:31 ART">
      <class name="search.SearchTest">
        <test-method status="PASS" signature="BoforeAll()[pri:0, instance:search.SearchTest@1f36e637]" name="BoforeAll" is-config="true" duration-ms="13" started-at="2020-03-18T16:30:05 ART" finished-at="2020-03-18T16:30:05 ART">
          <reporter-output>
          </reporter-output>
        </test-method> <!-- BoforeAll -->
        <test-method status="PASS" signature="setUp()[pri:0, instance:search.SearchTest@1f36e637]" name="setUp" is-config="true" duration-ms="10560" started-at="2020-03-18T16:30:05 ART" finished-at="2020-03-18T16:30:15 ART">
          <reporter-output>
          </reporter-output>
        </test-method> <!-- setUp -->
        <test-method status="PASS" signature="searchByDress()[pri:0, instance:search.SearchTest@1f36e637]" name="searchByDress" duration-ms="1504" started-at="2020-03-18T16:30:15 ART" description="Search By Dress" finished-at="2020-03-18T16:30:17 ART">
          <reporter-output>
            <line>
              <![CDATA[La prueba esta Ok]]>
            </line>
          </reporter-output>
        </test-method> <!-- searchByDress -->
        <test-method status="PASS" signature="tearDown(org.testng.ITestResult)[pri:0, instance:search.SearchTest@1f36e637]" name="tearDown" is-config="true" duration-ms="773" started-at="2020-03-18T16:30:17 ART" finished-at="2020-03-18T16:30:18 ART">
          <params>
            <param index="0">
              <value>
                <![CDATA[[TestResult name=searchByDress status=SUCCESS method=SearchTest.searchByDress()[pri:0, instance:search.SearchTest@1f36e637] output=La prueba esta Ok]]]>
              </value>
            </param>
          </params>
          <reporter-output>
          </reporter-output>
        </test-method> <!-- tearDown -->
        <test-method status="PASS" signature="setUp()[pri:0, instance:search.SearchTest@1f36e637]" name="setUp" is-config="true" duration-ms="10057" started-at="2020-03-18T16:30:18 ART" finished-at="2020-03-18T16:30:28 ART">
          <reporter-output>
          </reporter-output>
        </test-method> <!-- setUp -->
        <test-method status="PASS" signature="searchNoResults()[pri:0, instance:search.SearchTest@1f36e637]" name="searchNoResults" duration-ms="2031" started-at="2020-03-18T16:30:28 ART" description="Search no Results" finished-at="2020-03-18T16:30:30 ART">
          <reporter-output>
            <line>
              <![CDATA[La prueba esta Ok]]>
            </line>
          </reporter-output>
        </test-method> <!-- searchNoResults -->
        <test-method status="PASS" signature="tearDown(org.testng.ITestResult)[pri:0, instance:search.SearchTest@1f36e637]" name="tearDown" is-config="true" duration-ms="847" started-at="2020-03-18T16:30:30 ART" finished-at="2020-03-18T16:30:31 ART">
          <params>
            <param index="0">
              <value>
                <![CDATA[[TestResult name=searchNoResults status=SUCCESS method=SearchTest.searchNoResults()[pri:0, instance:search.SearchTest@1f36e637] output=La prueba esta Ok]]]>
              </value>
            </param>
          </params>
          <reporter-output>
          </reporter-output>
        </test-method> <!-- tearDown -->
        <test-method status="PASS" signature="arterAll()[pri:0, instance:search.SearchTest@1f36e637]" name="arterAll" is-config="true" duration-ms="1" started-at="2020-03-18T16:30:31 ART" finished-at="2020-03-18T16:30:31 ART">
          <reporter-output>
          </reporter-output>
        </test-method> <!-- arterAll -->
      </class> <!-- search.SearchTest -->
    </test> <!-- Default test -->
  </suite> <!-- Default suite -->
</testng-results>
