<?xml version="1.0" encoding="UTF-8"?>
<testng-results skipped="0" failed="0" ignored="0" total="1" passed="1">
  <reporter-output>
    <line>
      <![CDATA[La prueba esta Ok]]>
    </line>
  </reporter-output>
  <suite name="Failed suite [Default suite]" duration-ms="14333" started-at="2020-03-20T15:43:19 ART" finished-at="2020-03-20T15:43:33 ART">
    <groups>
    </groups>
    <test name="Default test(failed)" duration-ms="14333" started-at="2020-03-20T15:43:19 ART" finished-at="2020-03-20T15:43:33 ART">
      <class name="selections.AutenticationTest">
        <test-method status="PASS" signature="setUp()[pri:0, instance:selections.AutenticationTest@551aa95a]" name="setUp" is-config="true" duration-ms="11240" started-at="2020-03-20T15:43:19 ART" finished-at="2020-03-20T15:43:30 ART">
          <reporter-output>
          </reporter-output>
        </test-method> <!-- setUp -->
        <test-method status="PASS" signature="loginIncorrectUser()[pri:0, instance:selections.AutenticationTest@551aa95a]" name="loginIncorrectUser" duration-ms="3058" started-at="2020-03-20T15:43:30 ART" description="Autentication fail" finished-at="2020-03-20T15:43:33 ART">
          <reporter-output>
            <line>
              <![CDATA[La prueba esta Ok]]>
            </line>
          </reporter-output>
        </test-method> <!-- loginIncorrectUser -->
        <test-method status="PASS" signature="tearDown(org.testng.ITestResult)[pri:0, instance:selections.AutenticationTest@551aa95a]" name="tearDown" is-config="true" duration-ms="3" started-at="2020-03-20T15:43:33 ART" finished-at="2020-03-20T15:43:33 ART">
          <params>
            <param index="0">
              <value>
                <![CDATA[[TestResult name=loginIncorrectUser status=SUCCESS method=AutenticationTest.loginIncorrectUser()[pri:0, instance:selections.AutenticationTest@551aa95a] output=La prueba esta Ok]]]>
              </value>
            </param>
          </params>
          <reporter-output>
          </reporter-output>
        </test-method> <!-- tearDown -->
      </class> <!-- selections.AutenticationTest -->
    </test> <!-- Default test(failed) -->
  </suite> <!-- Failed suite [Default suite] -->
</testng-results>
